[15:35:40] [ServerMain/INFO]: Environment: Environment[sessionHost=https://sessionserver.mojang.com, servicesHost=https://api.minecraftservices.com, profilesHost=https://api.mojang.com, name=PROD]
[15:35:42] [ServerMain/INFO]: No existing world data, creating new world
[15:35:42] [ServerMain/INFO]: Loaded 1470 recipes
[15:35:42] [ServerMain/INFO]: Loaded 1584 advancements
[15:35:43] [Server thread/INFO]: Starting minecraft server version 1.21.11
[15:35:43] [Server thread/INFO]: Loading properties
[15:35:43] [Server thread/INFO]: Default game type: SURVIVAL
[15:35:43] [Server thread/INFO]: Generating keypair
[15:35:43] [Server thread/INFO]: Starting Minecraft server on *:25565
[15:35:43] [Server thread/WARN]: **** SERVER IS RUNNING IN OFFLINE/INSECURE MODE!
[15:35:43] [Server thread/WARN]: The server will make no attempt to authenticate usernames. Beware.
[15:35:43] [Server thread/WARN]: While this makes the game possible to play without internet access, it also opens up the ability for hackers to connect with any username they choose.
[15:35:43] [Server thread/WARN]: To change this, set "online-mode" to "true" in the server.properties file.
[15:35:43] [Server thread/INFO]: Preparing level "world"
[15:35:43] [Server thread/INFO]: Selecting global world spawn...
[15:35:48] [Server thread/INFO]: Loading 0 persistent chunks...
[15:35:48] [Server thread/INFO]: Preparing spawn area: 100%
[15:35:48] [Server thread/INFO]: Time elapsed: 4855 ms
[15:35:48] [Server thread/INFO]: Done (5.269s)! For help, type "help"
[15:36:48] [Server thread/INFO]: Server empty for 60 seconds, pausing
[15:41:57] [Server thread/INFO]: Pekans_17[/127.186.93.117:59655] logged in with entity id 22 at (10.5, 99.0, 1.5)
[15:41:57] [Server thread/INFO]: Pekans_17 joined the game
[16:07:21] [Server thread/INFO]: Pekans_17 has made the advancement [Monster Hunter]
[16:12:39] [Server thread/INFO]: Pekans_17 has made the advancement [Stone Age]
[16:36:37] [Server thread/INFO]: Pekans_17 lost connection: Disconnected
[16:36:37] [Server thread/INFO]: Pekans_17 left the game
[16:37:37] [Server thread/INFO]: Server empty for 60 seconds, pausing
[18:34:46] [Server thread/INFO]: Pekans_17[/127.186.93.117:47829] logged in with entity id 11461 at (108.30000001192093, 51.0, 17.99753638138223)
[18:34:46] [Server thread/INFO]: Pekans_17 joined the game
[18:34:56] [Server thread/INFO]: Pekans_17 lost connection: Disconnected
[18:34:56] [Server thread/INFO]: Pekans_17 left the game
[18:35:56] [Server thread/INFO]: Server empty for 60 seconds, pausing
[18:36:27] [Server thread/INFO]: Unknown or incomplete command. See below for error
[18:36:27] [Server thread/INFO]: whilist<--[HERE]
